2025-05-08T06:30:41.720Z [ERROR]: No test files found for path: ./intent_samples.csv
2025-05-08T06:37:04.730Z [ERROR]: API call error: TypeError: terminated
2025-05-08T06:37:05.016Z [ERROR]: API call error: TypeError: terminated
2025-05-08T06:37:05.260Z [ERROR]: API call error: TypeError: terminated
2025-05-08T06:37:06.757Z [ERROR]: API call error: TypeError: terminated
